c:\users\alla7073\downloads\crowdsimulation2018\crowdsimulation\demo\debug\vc120.pdb
c:\users\alla7073\downloads\crowdsimulation2018\crowdsimulation\demo\debug\moc_parsescenario.obj
c:\users\alla7073\downloads\crowdsimulation2018\crowdsimulation\demo\debug\parsescenario.obj
c:\users\alla7073\downloads\crowdsimulation2018\crowdsimulation\demo\debug\main.obj
c:\users\alla7073\downloads\crowdsimulation2018\crowdsimulation\demo\debug\viewagent.obj
c:\users\alla7073\downloads\crowdsimulation2018\crowdsimulation\demo\debug\pedsimulation.obj
c:\users\alla7073\downloads\crowdsimulation2018\crowdsimulation\demo\debug\mainwindow.obj
c:\users\alla7073\downloads\crowdsimulation2018\crowdsimulation\demo\debug\moc_pedsimulation.obj
c:\users\alla7073\downloads\crowdsimulation2018\crowdsimulation\demo\debug\moc_parsescenario.cpp
c:\users\alla7073\downloads\crowdsimulation2018\crowdsimulation\demo\debug\moc_pedsimulation.cpp
c:\users\alla7073\downloads\crowdsimulation2018\crowdsimulation\demo\debug\demo\demo.lib
c:\users\alla7073\downloads\crowdsimulation2018\crowdsimulation\demo\debug\demo\demo.exp
c:\users\alla7073\downloads\crowdsimulation2018\crowdsimulation\demo\debug\demo.tlog\cl.command.1.tlog
c:\users\alla7073\downloads\crowdsimulation2018\crowdsimulation\demo\debug\demo.tlog\cl.read.1.tlog
c:\users\alla7073\downloads\crowdsimulation2018\crowdsimulation\demo\debug\demo.tlog\cl.write.1.tlog
c:\users\alla7073\downloads\crowdsimulation2018\crowdsimulation\demo\debug\demo.tlog\custombuild.command.1.tlog
c:\users\alla7073\downloads\crowdsimulation2018\crowdsimulation\demo\debug\demo.tlog\custombuild.read.1.tlog
c:\users\alla7073\downloads\crowdsimulation2018\crowdsimulation\demo\debug\demo.tlog\custombuild.write.1.tlog
c:\users\alla7073\downloads\crowdsimulation2018\crowdsimulation\demo\debug\demo.tlog\demo.write.1u.tlog
c:\users\alla7073\downloads\crowdsimulation2018\crowdsimulation\demo\debug\demo.tlog\link.3772.read.1.tlog
c:\users\alla7073\downloads\crowdsimulation2018\crowdsimulation\demo\debug\demo.tlog\link.3772.write.1.tlog
c:\users\alla7073\downloads\crowdsimulation2018\crowdsimulation\demo\debug\demo.tlog\link.command.1.tlog
c:\users\alla7073\downloads\crowdsimulation2018\crowdsimulation\demo\debug\demo.tlog\link.read.1.tlog
c:\users\alla7073\downloads\crowdsimulation2018\crowdsimulation\demo\debug\demo.tlog\link.write.1.tlog
