Build started 2018-02-13 12:13:05.
     1>Project "C:\Users\alla7073\Downloads\CrowdSimulation2018\CrowdSimulation\Libpedsim\Libpedsim.vcxproj" on node 2 (Rebuild target(s)).
     1>C:\Program Files (x86)\MSBuild\Microsoft.Cpp\v4.0\V120\Microsoft.CppClean.targets(76,5): warning : The process cannot access the file 'c:\users\alla7073\downloads\crowdsimulation2018\crowdsimulation\x64\timing-release\libpedsim.lib' because it is being used by another process.
     1>CudaClean:
         cmd.exe /C "C:\Users\alla7073\AppData\Local\Temp\tmp429f19234e814b76a24fd2756a2ce29c.cmd"
         "C:\Program Files\NVIDIA GPU Computing Toolkit\CUDA\v7.5\bin\nvcc.exe" -ccbin "C:\Program Files (x86)\Microsoft Visual Studio 12.0\VC\bin\x86_amd64"  -I"C:\Program Files\NVIDIA GPU Computing Toolkit\CUDA\v7.5\include" -I"C:\Program Files\NVIDIA GPU Computing Toolkit\CUDA\v7.5\include"     --keep-dir x64\timing-release -maxrregcount=0  --machine 64 --compile      -DWIN32 -DWIN64 -DNDEBUG -D_CONSOLE -D_MBCS -Xcompiler "/EHsc /W3 /nologo /O2 /Zi  /MD " -o x64\timing-release\cuda_testkernel.cu.obj "C:\Users\alla7073\Downloads\CrowdSimulation2018\CrowdSimulation\Libpedsim\src\cuda_testkernel.cu" -clean
         
         C:\Users\alla7073\Downloads\CrowdSimulation2018\CrowdSimulation\Libpedsim>"C:\Program Files\NVIDIA GPU Computing Toolkit\CUDA\v7.5\bin\nvcc.exe" -ccbin "C:\Program Files (x86)\Microsoft Visual Studio 12.0\VC\bin\x86_amd64"  -I"C:\Program Files\NVIDIA GPU Computing Toolkit\CUDA\v7.5\include" -I"C:\Program Files\NVIDIA GPU Computing Toolkit\CUDA\v7.5\include"     --keep-dir x64\timing-release -maxrregcount=0  --machine 64 --compile      -DWIN32 -DWIN64 -DNDEBUG -D_CONSOLE -D_MBCS -Xcompiler "/EHsc /W3 /nologo /O2 /Zi  /MD " -o x64\timing-release\cuda_testkernel.cu.obj "C:\Users\alla7073\Downloads\CrowdSimulation2018\CrowdSimulation\Libpedsim\src\cuda_testkernel.cu" -clean 
         cuda_testkernel.cu
       AddCudaCompileDeps:
         C:\Program Files (x86)\Microsoft Visual Studio 12.0\VC\bin\x86_amd64\cl.exe /E /nologo /showIncludes /TP /D__CUDACC__ /DWIN32 /DWIN64 /DNDEBUG /D_CONSOLE /D_MBCS /I"C:\Program Files\NVIDIA GPU Computing Toolkit\CUDA\v7.5\include" /I"C:\Program Files\NVIDIA GPU Computing Toolkit\CUDA\v7.5\bin" /I"C:\Program Files\NVIDIA GPU Computing Toolkit\CUDA\v7.5\include" /I. /FIcuda_runtime.h /c C:\Users\alla7073\Downloads\CrowdSimulation2018\CrowdSimulation\Libpedsim\src\cuda_testkernel.cu 
       CudaBuild:
         Compiling CUDA source file src\cuda_testkernel.cu...
         cmd.exe /C "C:\Users\alla7073\AppData\Local\Temp\tmpb7be85280fea4d8ea27724b735e905e5.cmd"
         "C:\Program Files\NVIDIA GPU Computing Toolkit\CUDA\v7.5\bin\nvcc.exe" -gencode=arch=compute_20,code=\"sm_20,compute_20\" --use-local-env --cl-version 2013 -ccbin "C:\Program Files (x86)\Microsoft Visual Studio 12.0\VC\bin\x86_amd64"  -I"C:\Program Files\NVIDIA GPU Computing Toolkit\CUDA\v7.5\include" -I"C:\Program Files\NVIDIA GPU Computing Toolkit\CUDA\v7.5\include"     --keep-dir x64\timing-release -maxrregcount=0  --machine 64 --compile -cudart static     -DWIN32 -DWIN64 -DNDEBUG -D_CONSOLE -D_MBCS -Xcompiler "/EHsc /W3 /nologo /O2 /Zi  /MD " -o x64\timing-release\cuda_testkernel.cu.obj "C:\Users\alla7073\Downloads\CrowdSimulation2018\CrowdSimulation\Libpedsim\src\cuda_testkernel.cu"
         
         C:\Users\alla7073\Downloads\CrowdSimulation2018\CrowdSimulation\Libpedsim>"C:\Program Files\NVIDIA GPU Computing Toolkit\CUDA\v7.5\bin\nvcc.exe" -gencode=arch=compute_20,code=\"sm_20,compute_20\" --use-local-env --cl-version 2013 -ccbin "C:\Program Files (x86)\Microsoft Visual Studio 12.0\VC\bin\x86_amd64"  -I"C:\Program Files\NVIDIA GPU Computing Toolkit\CUDA\v7.5\include" -I"C:\Program Files\NVIDIA GPU Computing Toolkit\CUDA\v7.5\include"     --keep-dir x64\timing-release -maxrregcount=0  --machine 64 --compile -cudart static     -DWIN32 -DWIN64 -DNDEBUG -D_CONSOLE -D_MBCS -Xcompiler "/EHsc /W3 /nologo /O2 /Zi  /MD " -o x64\timing-release\cuda_testkernel.cu.obj "C:\Users\alla7073\Downloads\CrowdSimulation2018\CrowdSimulation\Libpedsim\src\cuda_testkernel.cu" 
         cuda_testkernel.cu
       ClCompile:
         C:\Program Files (x86)\Microsoft Visual Studio 12.0\VC\bin\x86_amd64\CL.exe /c /I"C:\Program Files\NVIDIA GPU Computing Toolkit\CUDA\v7.5\include" /Zi /nologo /W3 /WX- /O2 /Oi /GL /D WIN32 /D WIN64 /D NDEBUG /D _CONSOLE /D _MBCS /Gm- /EHsc /MD /GS /Gy /fp:precise /Zc:wchar_t /Zc:forScope /openmp /Fo"x64\timing-release\\" /Fd"x64\timing-release\vc120.pdb" /Gd /TP /errorReport:prompt src\ped_agent_collection.cpp src\heatmap_seq.cpp src\ped_agent.cpp src\ped_model.cpp src\ped_vector.cpp src\ped_waypoint.cpp src\ped_waipoints.cpp
         ped_agent_collection.cpp
     1>c:\users\alla7073\downloads\crowdsimulation2018\crowdsimulation\libpedsim\src\ped_waypoints.h(70): warning C4251: 'Ped::waypoints::waypointX' : class 'std::vector<std::vector<float,std::allocator<_Ty>>,std::allocator<std::vector<_Ty,std::allocator<_Ty>>>>' needs to have dll-interface to be used by clients of class 'Ped::waypoints'
                 with
                 [
                     _Ty=float
                 ]
     1>c:\users\alla7073\downloads\crowdsimulation2018\crowdsimulation\libpedsim\src\ped_waypoints.h(71): warning C4251: 'Ped::waypoints::waypointY' : class 'std::vector<std::vector<float,std::allocator<_Ty>>,std::allocator<std::vector<_Ty,std::allocator<_Ty>>>>' needs to have dll-interface to be used by clients of class 'Ped::waypoints'
                 with
                 [
                     _Ty=float
                 ]
     1>c:\users\alla7073\downloads\crowdsimulation2018\crowdsimulation\libpedsim\src\ped_waypoints.h(72): warning C4251: 'Ped::waypoints::waypointR' : class 'std::vector<std::vector<float,std::allocator<_Ty>>,std::allocator<std::vector<_Ty,std::allocator<_Ty>>>>' needs to have dll-interface to be used by clients of class 'Ped::waypoints'
                 with
                 [
                     _Ty=float
                 ]
     1>c:\users\alla7073\downloads\crowdsimulation2018\crowdsimulation\libpedsim\src\ped_agent_collection.h(39): warning C4267: 'return' : conversion from 'size_t' to 'int', possible loss of data
     1>src\ped_agent_collection.cpp(24): warning C4244: 'argument' : conversion from 'int' to 'const float', possible loss of data
     1>src\ped_agent_collection.cpp(25): warning C4244: 'argument' : conversion from 'int' to 'const float', possible loss of data
     1>src\ped_agent_collection.cpp(26): warning C4244: 'argument' : conversion from 'int' to 'const float', possible loss of data
     1>src\ped_agent_collection.cpp(27): warning C4244: 'argument' : conversion from 'int' to 'const float', possible loss of data
     1>src\ped_agent_collection.cpp(29): warning C4267: 'argument' : conversion from 'size_t' to 'int', possible loss of data
     1>src\ped_agent_collection.cpp(60): warning C4244: '=' : conversion from 'int' to 'float', possible loss of data
     1>src\ped_agent_collection.cpp(61): warning C4244: '=' : conversion from 'int' to 'float', possible loss of data
     1>src\ped_agent_collection.cpp(155): warning C4267: 'argument' : conversion from 'size_t' to 'int', possible loss of data
         heatmap_seq.cpp
     1>c:\users\alla7073\downloads\crowdsimulation2018\crowdsimulation\libpedsim\src\ped_waypoints.h(70): warning C4251: 'Ped::waypoints::waypointX' : class 'std::vector<std::vector<float,std::allocator<_Ty>>,std::allocator<std::vector<_Ty,std::allocator<_Ty>>>>' needs to have dll-interface to be used by clients of class 'Ped::waypoints'
                 with
                 [
                     _Ty=float
                 ]
     1>c:\users\alla7073\downloads\crowdsimulation2018\crowdsimulation\libpedsim\src\ped_waypoints.h(71): warning C4251: 'Ped::waypoints::waypointY' : class 'std::vector<std::vector<float,std::allocator<_Ty>>,std::allocator<std::vector<_Ty,std::allocator<_Ty>>>>' needs to have dll-interface to be used by clients of class 'Ped::waypoints'
                 with
                 [
                     _Ty=float
                 ]
     1>c:\users\alla7073\downloads\crowdsimulation2018\crowdsimulation\libpedsim\src\ped_waypoints.h(72): warning C4251: 'Ped::waypoints::waypointR' : class 'std::vector<std::vector<float,std::allocator<_Ty>>,std::allocator<std::vector<_Ty,std::allocator<_Ty>>>>' needs to have dll-interface to be used by clients of class 'Ped::waypoints'
                 with
                 [
                     _Ty=float
                 ]
     1>c:\users\alla7073\downloads\crowdsimulation2018\crowdsimulation\libpedsim\src\ped_agent_collection.h(39): warning C4267: 'return' : conversion from 'size_t' to 'int', possible loss of data
         ped_agent.cpp
         ped_model.cpp
     1>c:\users\alla7073\downloads\crowdsimulation2018\crowdsimulation\libpedsim\src\ped_waypoints.h(70): warning C4251: 'Ped::waypoints::waypointX' : class 'std::vector<std::vector<float,std::allocator<_Ty>>,std::allocator<std::vector<_Ty,std::allocator<_Ty>>>>' needs to have dll-interface to be used by clients of class 'Ped::waypoints'
                 with
                 [
                     _Ty=float
                 ]
     1>c:\users\alla7073\downloads\crowdsimulation2018\crowdsimulation\libpedsim\src\ped_waypoints.h(71): warning C4251: 'Ped::waypoints::waypointY' : class 'std::vector<std::vector<float,std::allocator<_Ty>>,std::allocator<std::vector<_Ty,std::allocator<_Ty>>>>' needs to have dll-interface to be used by clients of class 'Ped::waypoints'
                 with
                 [
                     _Ty=float
                 ]
     1>c:\users\alla7073\downloads\crowdsimulation2018\crowdsimulation\libpedsim\src\ped_waypoints.h(72): warning C4251: 'Ped::waypoints::waypointR' : class 'std::vector<std::vector<float,std::allocator<_Ty>>,std::allocator<std::vector<_Ty,std::allocator<_Ty>>>>' needs to have dll-interface to be used by clients of class 'Ped::waypoints'
                 with
                 [
                     _Ty=float
                 ]
     1>c:\users\alla7073\downloads\crowdsimulation2018\crowdsimulation\libpedsim\src\ped_agent_collection.h(39): warning C4267: 'return' : conversion from 'size_t' to 'int', possible loss of data
     1>src\ped_model.cpp(214): warning C4258: 'index' : definition from the for loop is ignored; the definition from the enclosing scope is used
                 src\ped_model.cpp(206) : definition of 'index' ignored
                 src\ped_model.cpp(194) : definition of 'index' used
     1>src\ped_model.cpp(217): warning C4258: 'index' : definition from the for loop is ignored; the definition from the enclosing scope is used
                 src\ped_model.cpp(206) : definition of 'index' ignored
                 src\ped_model.cpp(194) : definition of 'index' used
     1>src\ped_model.cpp(217): warning C4244: 'initializing' : conversion from 'float' to 'int', possible loss of data
     1>src\ped_model.cpp(218): warning C4258: 'index' : definition from the for loop is ignored; the definition from the enclosing scope is used
                 src\ped_model.cpp(206) : definition of 'index' ignored
                 src\ped_model.cpp(194) : definition of 'index' used
     1>src\ped_model.cpp(218): warning C4244: 'initializing' : conversion from 'float' to 'int', possible loss of data
     1>src\ped_model.cpp(228): warning C4258: 'index' : definition from the for loop is ignored; the definition from the enclosing scope is used
                 src\ped_model.cpp(206) : definition of 'index' ignored
                 src\ped_model.cpp(194) : definition of 'index' used
     1>src\ped_model.cpp(229): warning C4258: 'index' : definition from the for loop is ignored; the definition from the enclosing scope is used
                 src\ped_model.cpp(206) : definition of 'index' ignored
                 src\ped_model.cpp(194) : definition of 'index' used
     1>src\ped_model.cpp(241): warning C4258: 'index' : definition from the for loop is ignored; the definition from the enclosing scope is used
                 src\ped_model.cpp(206) : definition of 'index' ignored
                 src\ped_model.cpp(194) : definition of 'index' used
     1>src\ped_model.cpp(242): warning C4258: 'index' : definition from the for loop is ignored; the definition from the enclosing scope is used
                 src\ped_model.cpp(206) : definition of 'index' ignored
                 src\ped_model.cpp(194) : definition of 'index' used
         ped_vector.cpp
         ped_waypoint.cpp
         ped_waipoints.cpp
     1>c:\users\alla7073\downloads\crowdsimulation2018\crowdsimulation\libpedsim\src\ped_waypoints.h(70): warning C4251: 'Ped::waypoints::waypointX' : class 'std::vector<std::vector<float,std::allocator<_Ty>>,std::allocator<std::vector<_Ty,std::allocator<_Ty>>>>' needs to have dll-interface to be used by clients of class 'Ped::waypoints'
                 with
                 [
                     _Ty=float
                 ]
     1>c:\users\alla7073\downloads\crowdsimulation2018\crowdsimulation\libpedsim\src\ped_waypoints.h(71): warning C4251: 'Ped::waypoints::waypointY' : class 'std::vector<std::vector<float,std::allocator<_Ty>>,std::allocator<std::vector<_Ty,std::allocator<_Ty>>>>' needs to have dll-interface to be used by clients of class 'Ped::waypoints'
                 with
                 [
                     _Ty=float
                 ]
     1>c:\users\alla7073\downloads\crowdsimulation2018\crowdsimulation\libpedsim\src\ped_waypoints.h(72): warning C4251: 'Ped::waypoints::waypointR' : class 'std::vector<std::vector<float,std::allocator<_Ty>>,std::allocator<std::vector<_Ty,std::allocator<_Ty>>>>' needs to have dll-interface to be used by clients of class 'Ped::waypoints'
                 with
                 [
                     _Ty=float
                 ]
     1>src\ped_waipoints.cpp(34): warning C4267: 'initializing' : conversion from 'size_t' to 'int', possible loss of data
     1>C:\Program Files (x86)\Microsoft Visual Studio 12.0\VC\include\xutility(2600): warning C4244: '=' : conversion from 'const double' to 'float', possible loss of data
                 C:\Program Files (x86)\Microsoft Visual Studio 12.0\VC\include\xutility(2623) : see reference to function template instantiation 'void std::_Fill<float*,_Ty>(_FwdIt,_FwdIt,const _Ty &)' being compiled
                 with
                 [
                     _Ty=double
         ,            _FwdIt=float *
                 ]
                 src\ped_waipoints.cpp(36) : see reference to function template instantiation 'void std::fill<std::_Vector_iterator<std::_Vector_val<std::_Simple_types<float>>>,double>(_FwdIt,_FwdIt,const _Ty &)' being compiled
                 with
                 [
                     _FwdIt=std::_Vector_iterator<std::_Vector_val<std::_Simple_types<float>>>
         ,            _Ty=double
                 ]
       Lib:
         C:\Program Files (x86)\Microsoft Visual Studio 12.0\VC\bin\x86_amd64\Lib.exe /OUT:"C:\Users\alla7073\Downloads\CrowdSimulation2018\CrowdSimulation\x64\timing-release\Libpedsim.lib" /NOLOGO /MACHINE:X64 /LTCG "x64\timing-release\cuda_testkernel.cu.obj"
         "x64\timing-release\ped_agent_collection.obj"
         "x64\timing-release\heatmap_seq.obj"
         "x64\timing-release\ped_agent.obj"
         "x64\timing-release\ped_model.obj"
         "x64\timing-release\ped_vector.obj"
         "x64\timing-release\ped_waypoint.obj"
         "x64\timing-release\ped_waipoints.obj"
         Libpedsim.vcxproj -> C:\Users\alla7073\Downloads\CrowdSimulation2018\CrowdSimulation\x64\timing-release\Libpedsim.lib
       PostBuildEvent:
         echo copy "C:\Program Files\NVIDIA GPU Computing Toolkit\CUDA\v7.5\bin\cudart*.dll" "C:\Users\alla7073\Downloads\CrowdSimulation2018\CrowdSimulation\x64\timing-release\"
         copy "C:\Program Files\NVIDIA GPU Computing Toolkit\CUDA\v7.5\bin\cudart*.dll" "C:\Users\alla7073\Downloads\CrowdSimulation2018\CrowdSimulation\x64\timing-release\"
         :VCEnd
         copy "C:\Program Files\NVIDIA GPU Computing Toolkit\CUDA\v7.5\bin\cudart*.dll" "C:\Users\alla7073\Downloads\CrowdSimulation2018\CrowdSimulation\x64\timing-release\"
         C:\Program Files\NVIDIA GPU Computing Toolkit\CUDA\v7.5\bin\cudart32_75.dll
         C:\Program Files\NVIDIA GPU Computing Toolkit\CUDA\v7.5\bin\cudart64_75.dll
                 2 file(s) copied.
     1>Done Building Project "C:\Users\alla7073\Downloads\CrowdSimulation2018\CrowdSimulation\Libpedsim\Libpedsim.vcxproj" (Rebuild target(s)).

Build succeeded.

Time Elapsed 00:00:08.46
