c:\users\alla7073\downloads\crowd - joxa\crowdsimulation\libpedsim\x64\debug\vc120.pdb
c:\users\alla7073\downloads\crowd - joxa\crowdsimulation\libpedsim\x64\debug\vc120.idb
c:\users\alla7073\downloads\crowd - joxa\crowdsimulation\libpedsim\x64\debug\heatmap_seq.obj
c:\users\alla7073\downloads\crowd - joxa\crowdsimulation\libpedsim\x64\debug\ped_agent.obj
c:\users\alla7073\downloads\crowd - joxa\crowdsimulation\libpedsim\x64\debug\ped_model.obj
c:\users\alla7073\downloads\crowd - joxa\crowdsimulation\libpedsim\x64\debug\ped_vector.obj
c:\users\alla7073\downloads\crowd - joxa\crowdsimulation\libpedsim\x64\debug\ped_waypoint.obj
x:\crowdsimulation2018\crowdsimulation\libpedsim\x64\debug\vc120.pdb
x:\crowdsimulation2018\crowdsimulation\libpedsim\x64\debug\vc120.idb
x:\crowdsimulation2018\crowdsimulation\libpedsim\x64\debug\heatmap_seq.obj
x:\crowdsimulation2018\crowdsimulation\libpedsim\x64\debug\ped_agent.obj
x:\crowdsimulation2018\crowdsimulation\libpedsim\x64\debug\ped_model.obj
x:\crowdsimulation2018\crowdsimulation\libpedsim\x64\debug\ped_vector.obj
x:\crowdsimulation2018\crowdsimulation\libpedsim\x64\debug\ped_waypoint.obj
c:\users\alla7073\downloads\crowd - joxa\crowdsimulation\x64\debug\libpedsim.lib
x:\crowdsimulation2018\crowdsimulation\x64\debug\libpedsim.lib
x:\crowdsimulation2018\crowdsimulation\libpedsim\x64\debug\cuda_testkernel.cu.cache
x:\crowdsimulation2018\crowdsimulation\libpedsim\x64\debug\cuda_testkernel.cu.obj
x:\crowdsimulation2018\crowdsimulation\libpedsim\x64\debug\libpedsim.tlog\cl.command.1.tlog
x:\crowdsimulation2018\crowdsimulation\libpedsim\x64\debug\libpedsim.tlog\cl.read.1.tlog
x:\crowdsimulation2018\crowdsimulation\libpedsim\x64\debug\libpedsim.tlog\cl.write.1.tlog
x:\crowdsimulation2018\crowdsimulation\libpedsim\x64\debug\libpedsim.tlog\lib-link.read.1.tlog
x:\crowdsimulation2018\crowdsimulation\libpedsim\x64\debug\libpedsim.tlog\lib-link.write.1.tlog
x:\crowdsimulation2018\crowdsimulation\libpedsim\x64\debug\libpedsim.tlog\lib.command.1.tlog
