c:\users\alla7073\downloads\crowd - joxa\crowdsimulation\demo\release\moc_pedsimulation.obj
c:\users\alla7073\downloads\crowd - joxa\crowdsimulation\demo\release\moc_parsescenario.obj
c:\users\alla7073\downloads\crowd - joxa\crowdsimulation\demo\release\main.obj
c:\users\alla7073\downloads\crowd - joxa\crowdsimulation\demo\release\viewagent.obj
c:\users\alla7073\downloads\crowd - joxa\crowdsimulation\demo\release\pedsimulation.obj
c:\users\alla7073\downloads\crowd - joxa\crowdsimulation\demo\release\parsescenario.obj
c:\users\alla7073\downloads\crowd - joxa\crowdsimulation\demo\release\mainwindow.obj
c:\users\alla7073\downloads\crowd - joxa\crowdsimulation\demo\release\moc_parsescenario.cpp
c:\users\alla7073\downloads\crowd - joxa\crowdsimulation\demo\release\moc_pedsimulation.cpp
c:\users\alla7073\downloads\crowd - joxa\crowdsimulation\demo\timing-release\demo\demo.lib
c:\users\alla7073\downloads\crowd - joxa\crowdsimulation\demo\timing-release\demo\demo.exp
c:\users\alla7073\downloads\crowd - joxa\crowdsimulation\demo\timing-release\demo\demo.exe
c:\users\alla7073\downloads\crowd - joxa\crowdsimulation\demo\timing-release\demo.tlog\cl.command.1.tlog
c:\users\alla7073\downloads\crowd - joxa\crowdsimulation\demo\timing-release\demo.tlog\cl.read.1.tlog
c:\users\alla7073\downloads\crowd - joxa\crowdsimulation\demo\timing-release\demo.tlog\cl.write.1.tlog
c:\users\alla7073\downloads\crowd - joxa\crowdsimulation\demo\timing-release\demo.tlog\custombuild.command.1.tlog
c:\users\alla7073\downloads\crowd - joxa\crowdsimulation\demo\timing-release\demo.tlog\custombuild.read.1.tlog
c:\users\alla7073\downloads\crowd - joxa\crowdsimulation\demo\timing-release\demo.tlog\custombuild.write.1.tlog
c:\users\alla7073\downloads\crowd - joxa\crowdsimulation\demo\timing-release\demo.tlog\demo.write.1u.tlog
c:\users\alla7073\downloads\crowd - joxa\crowdsimulation\demo\timing-release\demo.tlog\link.command.1.tlog
c:\users\alla7073\downloads\crowd - joxa\crowdsimulation\demo\timing-release\demo.tlog\link.read.1.tlog
c:\users\alla7073\downloads\crowd - joxa\crowdsimulation\demo\timing-release\demo.tlog\link.write.1.tlog
